<?xml version="1.0" encoding="UTF-8"?>
<!-- Generated by org.testng.reporters.JUnitXMLReporter -->
<testsuite ignored="1" hostname="DESKTOP-VKSQJFC" failures="0" tests="1" name="Default test" time="3.131" errors="0" timestamp="2024-01-05T08:37:54 IST">
  <testcase classname="test.GitHubListRepository" name="listPublicRepository" time="2.268"/>
  <testcase classname="test.GitHubListRepository" name="listPrivateRepository" time="0.0">
    <ignored/>
  </testcase> <!-- listPrivateRepository -->
</testsuite> <!-- Default test -->
