<?xml version="1.0" encoding="UTF-8"?>
<testng-results ignored="0" total="1" passed="1" failed="0" skipped="0">
  <reporter-output>
  </reporter-output>
  <suite started-at="2024-01-05T08:37:50 IST" name="Default suite" finished-at="2024-01-05T08:37:54 IST" duration-ms="3131">
    <groups>
    </groups>
    <test started-at="2024-01-05T08:37:50 IST" name="Default test" finished-at="2024-01-05T08:37:54 IST" duration-ms="3131">
      <class name="test.GitHubListRepository">
        <test-method is-config="true" signature="beforeSuite()[pri:0, instance:test.GitHubListRepository@59662a0b]" started-at="2024-01-05T08:37:50 IST" name="beforeSuite" finished-at="2024-01-05T08:37:50 IST" duration-ms="273" status="PASS">
          <reporter-output>
          </reporter-output>
        </test-method> <!-- beforeSuite -->
        <test-method is-config="true" signature="beforeClass()[pri:0, instance:test.GitHubListRepository@59662a0b]" started-at="2024-01-05T08:37:50 IST" name="beforeClass" finished-at="2024-01-05T08:37:51 IST" duration-ms="539" status="PASS">
          <reporter-output>
          </reporter-output>
        </test-method> <!-- beforeClass -->
        <test-method is-config="true" signature="beforeMethod(java.lang.reflect.Method)[pri:0, instance:test.GitHubListRepository@59662a0b]" started-at="2024-01-05T08:37:51 IST" name="beforeMethod" finished-at="2024-01-05T08:37:51 IST" duration-ms="6" status="PASS">
          <params>
            <param index="0">
              <value>
                <![CDATA[public void test.GitHubListRepository.listPublicRepository()]]>
              </value>
            </param>
          </params>
          <reporter-output>
          </reporter-output>
        </test-method> <!-- beforeMethod -->
        <test-method signature="listPublicRepository()[pri:0, instance:test.GitHubListRepository@59662a0b]" started-at="2024-01-05T08:37:51 IST" name="listPublicRepository" finished-at="2024-01-05T08:37:53 IST" duration-ms="2268" status="PASS">
          <reporter-output>
          </reporter-output>
        </test-method> <!-- listPublicRepository -->
        <test-method is-config="true" signature="afterMethod(org.testng.ITestResult)[pri:0, instance:test.GitHubListRepository@59662a0b]" started-at="2024-01-05T08:37:53 IST" name="afterMethod" finished-at="2024-01-05T08:37:54 IST" duration-ms="276" status="PASS">
          <params>
            <param index="0">
              <value>
                <![CDATA[[TestResult name=listPublicRepository status=SUCCESS method=GitHubListRepository.listPublicRepository()[pri:0, instance:test.GitHubListRepository@59662a0b] output={null}]]]>
              </value>
            </param>
          </params>
          <reporter-output>
          </reporter-output>
        </test-method> <!-- afterMethod -->
      </class> <!-- test.GitHubListRepository -->
    </test> <!-- Default test -->
  </suite> <!-- Default suite -->
</testng-results>
